<?xml version="1.0" encoding="UTF-8"?>
<!-- Generated by org.testng.reporters.JUnitReportReporter -->
<testsuite skipped="0" hostname="DESKTOP-CBDRCRG" name="PutPatchDeleteExamples" tests="3" failures="0" timestamp="2022-08-17T14:32:07 IST" time="7.000" errors="0">
  <testcase name="testDelete" time="4.365" classname="PutPatchDeleteExamples"/>
  <system-out/>
  <testcase name="testPUT" time="1.488" classname="PutPatchDeleteExamples"/>
  <system-out/>
  <testcase name="testPATCH" time="1.147" classname="PutPatchDeleteExamples"/>
  <system-out/>
</testsuite> <!-- PutPatchDeleteExamples -->
