<?xml version="1.0" encoding="UTF-8"?>
<!-- Generated by org.testng.reporters.JUnitReportReporter -->
<testsuite skipped="0" hostname="DESKTOP-CBDRCRG" name="TestsOnLocalApi" tests="1" failures="0" timestamp="2022-08-24T14:42:44 IST" time="3.930" errors="0">
  <testcase name="put" time="3.930" classname="TestsOnLocalApi"/>
  <system-out/>
</testsuite> <!-- TestsOnLocalApi -->
