<?xml version="1.0" encoding="UTF-8"?>
<!-- Generated by org.testng.reporters.JUnitReportReporter -->
<testsuite skipped="0" hostname="DESKTOP-CBDRCRG" name="SoapXMLRequest" tests="1" failures="0" timestamp="2022-08-31T00:23:42 IST" time="3.617" errors="0">
  <testcase name="ValidateSoapXML" time="3.617" classname="SoapXMLRequest"/>
  <system-out/>
</testsuite> <!-- SoapXMLRequest -->
