<?xml version="1.0" encoding="UTF-8"?>
<!-- Generated by org.testng.reporters.JUnitReportReporter -->
<testsuite skipped="0" hostname="DESKTOP-CBDRCRG" name="GetAndPostExamples" tests="1" failures="0" timestamp="2022-08-03T14:15:07 IST" time="4.343" errors="0">
  <testcase name="testPost" time="4.343" classname="GetAndPostExamples"/>
  <system-out/>
</testsuite> <!-- GetAndPostExamples -->
