<?xml version="1.0" encoding="UTF-8"?>
<!-- Generated by org.testng.reporters.JUnitReportReporter -->
<testsuite skipped="0" hostname="DESKTOP-CBDRCRG" name="GetRequest" tests="2" failures="0" timestamp="2022-07-29T14:38:19 IST" time="4.772" errors="0">
  <testcase name="test_1" time="3.063" classname="GetRequest"/>
  <system-out/>
  <testcase name="test_2" time="1.709" classname="GetRequest"/>
  <system-out/>
</testsuite> <!-- GetRequest -->
