<?xml version="1.0" encoding="UTF-8"?>
<!-- Generated by org.testng.reporters.JUnitReportReporter -->
<testsuite skipped="0" hostname="DESKTOP-CBDRCRG" name="XMLScemaValidation" tests="1" failures="0" timestamp="2022-09-01T23:30:45 IST" time="6.681" errors="0">
  <testcase name="schemaValidation" time="6.681" classname="XMLScemaValidation"/>
  <system-out/>
</testsuite> <!-- XMLScemaValidation -->
